2018-11-08 21:23:28.020 [JavaFX Application Thread] INFO  DatabaseConfig.java->getConnection, line71: using connection url:jdbc:mysql://localhost:3306/sky_dep?useUnicode=true&useSSL=false&characterEncoding=utf8&serverTimezone=UTC
2018-11-08 21:23:34.294 [JavaFX Application Thread] INFO  DatabaseConfig.java->getConnection, line71: using connection url:jdbc:mysql://localhost:3306/sky_dep?useUnicode=true&useSSL=false&characterEncoding=utf8&serverTimezone=UTC
2018-11-08 21:24:57.201 [JavaFX Application Thread] INFO  MBGRunner.java->initPluginConfigs, line240: 配置:projectDir,值：F:\sky_dep_space\out_put\src,,plugin:com.spawpaw.mybatis.generator.gui.plugin.SCVXGeneratorPlugin   key:
2018-11-08 21:24:57.203 [JavaFX Application Thread] INFO  MBGRunner.java->initPluginConfigs, line240: 配置:basePackage,值：com.cn.user,,plugin:com.spawpaw.mybatis.generator.gui.plugin.SCVXGeneratorPlugin   key:
2018-11-08 21:24:57.204 [JavaFX Application Thread] INFO  MBGRunner.java->initPluginConfigs, line240: 配置:mapperDir,值：src/main/resources,,plugin:com.spawpaw.mybatis.generator.gui.plugin.SCVXGeneratorPlugin   key:
2018-11-08 21:24:57.205 [JavaFX Application Thread] INFO  MBGRunner.java->initPluginConfigs, line240: 配置:mapperPackage,值：mapper,,plugin:com.spawpaw.mybatis.generator.gui.plugin.SCVXGeneratorPlugin   key:
2018-11-08 21:24:57.205 [JavaFX Application Thread] INFO  MBGRunner.java->initPluginConfigs, line240: 配置:daoDir,值：src/main/java,,plugin:com.spawpaw.mybatis.generator.gui.plugin.SCVXGeneratorPlugin   key:
2018-11-08 21:24:57.206 [JavaFX Application Thread] INFO  MBGRunner.java->initPluginConfigs, line240: 配置:daoPackage,值：com.cn.user.dao,,plugin:com.spawpaw.mybatis.generator.gui.plugin.SCVXGeneratorPlugin   key:
2018-11-08 21:24:57.206 [JavaFX Application Thread] INFO  MBGRunner.java->initPluginConfigs, line240: 配置:daoObjName,值：SysUserMapper,,plugin:com.spawpaw.mybatis.generator.gui.plugin.SCVXGeneratorPlugin   key:
2018-11-08 21:24:57.207 [JavaFX Application Thread] INFO  MBGRunner.java->initPluginConfigs, line240: 配置:logicalDeleteColumn,值：IS_DELETE,,plugin:com.itfsw.mybatis.generator.plugins.LogicalDeletePlugin   key:
2018-11-08 21:24:57.207 [JavaFX Application Thread] INFO  MBGRunner.java->initPluginConfigs, line240: 配置:logicalDeleteValue,值：1,,plugin:com.itfsw.mybatis.generator.plugins.LogicalDeletePlugin   key:
2018-11-08 21:24:57.208 [JavaFX Application Thread] INFO  MBGRunner.java->initPluginConfigs, line240: 配置:logicalUnDeleteValue,值：0,,plugin:com.itfsw.mybatis.generator.plugins.LogicalDeletePlugin   key:
2018-11-08 21:24:57.208 [JavaFX Application Thread] INFO  MBGRunner.java->initPluginConfigs, line240: 配置:logicalDeleteConstName,值：DELETED,,plugin:com.itfsw.mybatis.generator.plugins.LogicalDeletePlugin   key:
2018-11-08 21:24:57.208 [JavaFX Application Thread] INFO  MBGRunner.java->initPluginConfigs, line240: 配置:logicalUnDeleteConstName,值：NOT_DELETED,,plugin:com.itfsw.mybatis.generator.plugins.LogicalDeletePlugin   key:
2018-11-08 21:24:57.209 [JavaFX Application Thread] INFO  MBGRunner.java->initPluginConfigs, line240: 配置:entityDir,值：src/main/java,,plugin:com.spawpaw.mybatis.generator.gui.plugin.SCVXGeneratorPlugin   key:
2018-11-08 21:24:57.210 [JavaFX Application Thread] INFO  MBGRunner.java->initPluginConfigs, line240: 配置:entityPackage,值：com.cn.user.entity,,plugin:com.spawpaw.mybatis.generator.gui.plugin.SCVXGeneratorPlugin   key:
2018-11-08 21:24:57.210 [JavaFX Application Thread] INFO  MBGRunner.java->initPluginConfigs, line240: 配置:entityObjName,值：SysUser,,plugin:com.spawpaw.mybatis.generator.gui.plugin.SCVXGeneratorPlugin   key:
2018-11-08 21:24:57.210 [JavaFX Application Thread] INFO  MBGRunner.java->initPluginConfigs, line240: 配置:exampleSearchString,值：[a-zA-Z0-9$]+$,,plugin:org.mybatis.generator.plugins.RenameExampleClassPlugin   key:searchString
2018-11-08 21:24:57.211 [JavaFX Application Thread] INFO  MBGRunner.java->initPluginConfigs, line240: 配置:exampleObjName,值：SysUserExample,,plugin:com.spawpaw.mybatis.generator.gui.plugin.SCVXGeneratorPlugin   key:
2018-11-08 21:24:57.212 [JavaFX Application Thread] INFO  MBGRunner.java->initPluginConfigs, line240: 配置:exampleObjName,值：SysUserExample,,plugin:org.mybatis.generator.plugins.RenameExampleClassPlugin   key:replaceString
2018-11-08 21:24:57.217 [JavaFX Application Thread] INFO  MBGRunner.java->initPluginConfigs, line240: 配置:primaryKey,值：,,plugin:com.spawpaw.mybatis.generator.gui.plugin.SCVXGeneratorPlugin   key:
2018-11-08 21:24:57.218 [JavaFX Application Thread] INFO  MBGRunner.java->initPluginConfigs, line240: 配置:enableVirtualPrimaryKeyPlugin,值：,,plugin:org.mybatis.generator.plugins.VirtualPrimaryKeyPlugin   key:virtualKeyColumns
2018-11-08 21:24:57.219 [JavaFX Application Thread] INFO  MBGRunner.java->initPluginConfigs, line240: 配置:generateJPA,值：false,,plugin:com.spawpaw.mybatis.generator.gui.plugin.CommentPlugin   key:
2018-11-08 21:24:57.220 [JavaFX Application Thread] INFO  MBGRunner.java->initPluginConfigs, line240: 配置:useToStringFromRoot,值：false,,plugin:org.mybatis.generator.plugins.ToStringPlugin   key:useToStringFromRoot
2018-11-08 21:24:57.221 [JavaFX Application Thread] INFO  MBGRunner.java->initPluginConfigs, line240: 配置:useEqualsHashCodeFromRoot,值：false,,plugin:org.mybatis.generator.plugins.EqualsHashCodePlugin   key:useEqualsHashCodeFromRoot
2018-11-08 21:24:57.221 [JavaFX Application Thread] INFO  MBGRunner.java->initPluginConfigs, line240: 配置:enableComment,值：true,,plugin:com.spawpaw.mybatis.generator.gui.plugin.CommentPlugin   key:
2018-11-08 21:24:57.222 [JavaFX Application Thread] INFO  MBGRunner.java->initPluginConfigs, line240: 配置:enableMbgGenerated,值：true,,plugin:com.spawpaw.mybatis.generator.gui.plugin.CommentPlugin   key:
2018-11-08 21:24:57.222 [JavaFX Application Thread] INFO  MBGRunner.java->initPluginConfigs, line240: 配置:enableCorrespondingTable,值：false,,plugin:com.spawpaw.mybatis.generator.gui.plugin.CommentPlugin   key:
2018-11-08 21:24:57.223 [JavaFX Application Thread] INFO  MBGRunner.java->initPluginConfigs, line240: 配置:fileHeader,值：/**
 * Created By MBG-GUI-EXTENSION https://github.com/spawpaw/mybatis-generator-gui-extension
 * Description:
 * ${tableComment}
 *
 * @author 
 */,,plugin:com.spawpaw.mybatis.generator.gui.plugin.CommentPlugin   key:
2018-11-08 21:24:57.223 [JavaFX Application Thread] INFO  MBGRunner.java->initPluginConfigs, line240: 配置:cache_eviction,值：,,plugin:org.mybatis.generator.plugins.CachePlugin   key:
2018-11-08 21:24:57.224 [JavaFX Application Thread] INFO  MBGRunner.java->initPluginConfigs, line240: 配置:cache_flushInterval,值：,,plugin:org.mybatis.generator.plugins.CachePlugin   key:
2018-11-08 21:24:57.224 [JavaFX Application Thread] INFO  MBGRunner.java->initPluginConfigs, line240: 配置:cache_readOnly,值：,,plugin:org.mybatis.generator.plugins.CachePlugin   key:
2018-11-08 21:24:57.224 [JavaFX Application Thread] INFO  MBGRunner.java->initPluginConfigs, line240: 配置:cache_size,值：,,plugin:org.mybatis.generator.plugins.CachePlugin   key:
2018-11-08 21:24:57.225 [JavaFX Application Thread] INFO  MBGRunner.java->initPluginConfigs, line240: 配置:cache_type,值：,,plugin:org.mybatis.generator.plugins.CachePlugin   key:
2018-11-08 21:24:57.225 [JavaFX Application Thread] INFO  MBGRunner.java->initPluginConfigs, line240: 配置:scvxConfigYml,值：templateConfig:

  # REST-ful Controller
  - template: java/restController.vm
    destDir: src/main/java
    destPackage: ${basePackage}.controller
    destFileName: ${entityName}RestController.java

  # 生成html表单
  - template: html/index.vm
    destDir: src/main/resources
    destPackage: templates
    destFileName: index.html

  # 生成html列表
  - template: html/list.vm
    destDir: src/main/resources
    destPackage: templates
    destFileName: list.html
,,plugin:com.spawpaw.mybatis.generator.gui.plugin.SCVXGeneratorPlugin   key:
2018-11-08 21:24:57.226 [JavaFX Application Thread] INFO  MBGRunner.java->addPlugins, line259: 启用插件：org.mybatis.generator.plugins.FluentBuilderMethodsPlugin
2018-11-08 21:24:57.228 [JavaFX Application Thread] INFO  MBGRunner.java->addPlugins, line259: 启用插件：org.mybatis.generator.plugins.MapperAnnotationPlugin
2018-11-08 21:24:57.229 [JavaFX Application Thread] INFO  MBGRunner.java->addPlugins, line259: 启用插件：org.mybatis.generator.plugins.ToStringPlugin
2018-11-08 21:24:57.229 [JavaFX Application Thread] INFO  MBGRunner.java->addPlugins, line259: 启用插件：org.mybatis.generator.plugins.SerializablePlugin
2018-11-08 21:24:57.230 [JavaFX Application Thread] INFO  MBGRunner.java->addPlugins, line259: 启用插件：org.mybatis.generator.plugins.CaseInsensitiveLikePlugin
2018-11-08 21:24:57.230 [JavaFX Application Thread] INFO  MBGRunner.java->addPlugins, line259: 启用插件：org.mybatis.generator.plugins.EqualsHashCodePlugin
2018-11-08 21:24:57.231 [JavaFX Application Thread] INFO  MBGRunner.java->addPlugins, line259: 启用插件：org.mybatis.generator.plugins.RenameExampleClassPlugin
2018-11-08 21:26:15.377 [JavaFX Application Thread] INFO  MBGRunner.java->initPluginConfigs, line240: 配置:projectDir,值：F:\sky_dep_space\out_put\src,,plugin:com.spawpaw.mybatis.generator.gui.plugin.SCVXGeneratorPlugin   key:
2018-11-08 21:26:15.377 [JavaFX Application Thread] INFO  MBGRunner.java->initPluginConfigs, line240: 配置:basePackage,值：com.cn.user,,plugin:com.spawpaw.mybatis.generator.gui.plugin.SCVXGeneratorPlugin   key:
2018-11-08 21:26:15.378 [JavaFX Application Thread] INFO  MBGRunner.java->initPluginConfigs, line240: 配置:mapperDir,值：src/main/resources,,plugin:com.spawpaw.mybatis.generator.gui.plugin.SCVXGeneratorPlugin   key:
2018-11-08 21:26:15.378 [JavaFX Application Thread] INFO  MBGRunner.java->initPluginConfigs, line240: 配置:mapperPackage,值：mapper,,plugin:com.spawpaw.mybatis.generator.gui.plugin.SCVXGeneratorPlugin   key:
2018-11-08 21:26:15.378 [JavaFX Application Thread] INFO  MBGRunner.java->initPluginConfigs, line240: 配置:daoDir,值：src/main/java,,plugin:com.spawpaw.mybatis.generator.gui.plugin.SCVXGeneratorPlugin   key:
2018-11-08 21:26:15.379 [JavaFX Application Thread] INFO  MBGRunner.java->initPluginConfigs, line240: 配置:daoPackage,值：com.cn.user.dao,,plugin:com.spawpaw.mybatis.generator.gui.plugin.SCVXGeneratorPlugin   key:
2018-11-08 21:26:15.379 [JavaFX Application Thread] INFO  MBGRunner.java->initPluginConfigs, line240: 配置:daoObjName,值：SysUserMapper,,plugin:com.spawpaw.mybatis.generator.gui.plugin.SCVXGeneratorPlugin   key:
2018-11-08 21:26:15.379 [JavaFX Application Thread] INFO  MBGRunner.java->initPluginConfigs, line240: 配置:logicalDeleteColumn,值：IS_DELETE,,plugin:com.itfsw.mybatis.generator.plugins.LogicalDeletePlugin   key:
2018-11-08 21:26:15.379 [JavaFX Application Thread] INFO  MBGRunner.java->initPluginConfigs, line240: 配置:logicalDeleteValue,值：1,,plugin:com.itfsw.mybatis.generator.plugins.LogicalDeletePlugin   key:
2018-11-08 21:26:15.380 [JavaFX Application Thread] INFO  MBGRunner.java->initPluginConfigs, line240: 配置:logicalUnDeleteValue,值：0,,plugin:com.itfsw.mybatis.generator.plugins.LogicalDeletePlugin   key:
2018-11-08 21:26:15.380 [JavaFX Application Thread] INFO  MBGRunner.java->initPluginConfigs, line240: 配置:logicalDeleteConstName,值：DELETED,,plugin:com.itfsw.mybatis.generator.plugins.LogicalDeletePlugin   key:
2018-11-08 21:26:15.380 [JavaFX Application Thread] INFO  MBGRunner.java->initPluginConfigs, line240: 配置:logicalUnDeleteConstName,值：NOT_DELETED,,plugin:com.itfsw.mybatis.generator.plugins.LogicalDeletePlugin   key:
2018-11-08 21:26:15.381 [JavaFX Application Thread] INFO  MBGRunner.java->initPluginConfigs, line240: 配置:entityDir,值：src/main/java,,plugin:com.spawpaw.mybatis.generator.gui.plugin.SCVXGeneratorPlugin   key:
2018-11-08 21:26:15.381 [JavaFX Application Thread] INFO  MBGRunner.java->initPluginConfigs, line240: 配置:entityPackage,值：com.cn.user.entity,,plugin:com.spawpaw.mybatis.generator.gui.plugin.SCVXGeneratorPlugin   key:
2018-11-08 21:26:15.381 [JavaFX Application Thread] INFO  MBGRunner.java->initPluginConfigs, line240: 配置:entityObjName,值：SysUser,,plugin:com.spawpaw.mybatis.generator.gui.plugin.SCVXGeneratorPlugin   key:
2018-11-08 21:26:15.381 [JavaFX Application Thread] INFO  MBGRunner.java->initPluginConfigs, line240: 配置:exampleSearchString,值：[a-zA-Z0-9$]+$,,plugin:org.mybatis.generator.plugins.RenameExampleClassPlugin   key:searchString
2018-11-08 21:26:15.382 [JavaFX Application Thread] INFO  MBGRunner.java->initPluginConfigs, line240: 配置:exampleObjName,值：SysUserExample,,plugin:com.spawpaw.mybatis.generator.gui.plugin.SCVXGeneratorPlugin   key:
2018-11-08 21:26:15.382 [JavaFX Application Thread] INFO  MBGRunner.java->initPluginConfigs, line240: 配置:exampleObjName,值：SysUserExample,,plugin:org.mybatis.generator.plugins.RenameExampleClassPlugin   key:replaceString
2018-11-08 21:26:15.382 [JavaFX Application Thread] INFO  MBGRunner.java->initPluginConfigs, line240: 配置:primaryKey,值：,,plugin:com.spawpaw.mybatis.generator.gui.plugin.SCVXGeneratorPlugin   key:
2018-11-08 21:26:15.382 [JavaFX Application Thread] INFO  MBGRunner.java->initPluginConfigs, line240: 配置:enableVirtualPrimaryKeyPlugin,值：,,plugin:org.mybatis.generator.plugins.VirtualPrimaryKeyPlugin   key:virtualKeyColumns
2018-11-08 21:26:15.382 [JavaFX Application Thread] INFO  MBGRunner.java->initPluginConfigs, line240: 配置:generateJPA,值：false,,plugin:com.spawpaw.mybatis.generator.gui.plugin.CommentPlugin   key:
2018-11-08 21:26:15.383 [JavaFX Application Thread] INFO  MBGRunner.java->initPluginConfigs, line240: 配置:useToStringFromRoot,值：false,,plugin:org.mybatis.generator.plugins.ToStringPlugin   key:useToStringFromRoot
2018-11-08 21:26:15.383 [JavaFX Application Thread] INFO  MBGRunner.java->initPluginConfigs, line240: 配置:useEqualsHashCodeFromRoot,值：false,,plugin:org.mybatis.generator.plugins.EqualsHashCodePlugin   key:useEqualsHashCodeFromRoot
2018-11-08 21:26:15.384 [JavaFX Application Thread] INFO  MBGRunner.java->initPluginConfigs, line240: 配置:enableComment,值：true,,plugin:com.spawpaw.mybatis.generator.gui.plugin.CommentPlugin   key:
2018-11-08 21:26:15.384 [JavaFX Application Thread] INFO  MBGRunner.java->initPluginConfigs, line240: 配置:enableMbgGenerated,值：true,,plugin:com.spawpaw.mybatis.generator.gui.plugin.CommentPlugin   key:
2018-11-08 21:26:15.384 [JavaFX Application Thread] INFO  MBGRunner.java->initPluginConfigs, line240: 配置:enableCorrespondingTable,值：false,,plugin:com.spawpaw.mybatis.generator.gui.plugin.CommentPlugin   key:
2018-11-08 21:26:15.384 [JavaFX Application Thread] INFO  MBGRunner.java->initPluginConfigs, line240: 配置:fileHeader,值：/**
 * Created By MBG-GUI-EXTENSION https://github.com/spawpaw/mybatis-generator-gui-extension
 * Description:
 * ${tableComment}
 *
 * @author 
 */,,plugin:com.spawpaw.mybatis.generator.gui.plugin.CommentPlugin   key:
2018-11-08 21:26:15.385 [JavaFX Application Thread] INFO  MBGRunner.java->initPluginConfigs, line240: 配置:cache_eviction,值：,,plugin:org.mybatis.generator.plugins.CachePlugin   key:
2018-11-08 21:26:15.385 [JavaFX Application Thread] INFO  MBGRunner.java->initPluginConfigs, line240: 配置:cache_flushInterval,值：,,plugin:org.mybatis.generator.plugins.CachePlugin   key:
2018-11-08 21:26:15.385 [JavaFX Application Thread] INFO  MBGRunner.java->initPluginConfigs, line240: 配置:cache_readOnly,值：,,plugin:org.mybatis.generator.plugins.CachePlugin   key:
2018-11-08 21:26:15.385 [JavaFX Application Thread] INFO  MBGRunner.java->initPluginConfigs, line240: 配置:cache_size,值：,,plugin:org.mybatis.generator.plugins.CachePlugin   key:
2018-11-08 21:26:15.386 [JavaFX Application Thread] INFO  MBGRunner.java->initPluginConfigs, line240: 配置:cache_type,值：,,plugin:org.mybatis.generator.plugins.CachePlugin   key:
2018-11-08 21:26:15.386 [JavaFX Application Thread] INFO  MBGRunner.java->initPluginConfigs, line240: 配置:scvxConfigYml,值：templateConfig:

  # REST-ful Controller
  - template: java/restController.vm
    destDir: src/main/java
    destPackage: ${basePackage}.controller
    destFileName: ${entityName}RestController.java

  # 生成html表单
  - template: html/index.vm
    destDir: src/main/resources
    destPackage: templates
    destFileName: index.html

  # 生成html列表
  - template: html/list.vm
    destDir: src/main/resources
    destPackage: templates
    destFileName: list.html
,,plugin:com.spawpaw.mybatis.generator.gui.plugin.SCVXGeneratorPlugin   key:
2018-11-08 21:26:15.386 [JavaFX Application Thread] INFO  MBGRunner.java->addPlugins, line259: 启用插件：org.mybatis.generator.plugins.FluentBuilderMethodsPlugin
2018-11-08 21:26:15.387 [JavaFX Application Thread] INFO  MBGRunner.java->addPlugins, line259: 启用插件：org.mybatis.generator.plugins.MapperAnnotationPlugin
2018-11-08 21:26:15.387 [JavaFX Application Thread] INFO  MBGRunner.java->addPlugins, line259: 启用插件：org.mybatis.generator.plugins.ToStringPlugin
2018-11-08 21:26:15.388 [JavaFX Application Thread] INFO  MBGRunner.java->addPlugins, line259: 启用插件：org.mybatis.generator.plugins.SerializablePlugin
2018-11-08 21:26:15.388 [JavaFX Application Thread] INFO  MBGRunner.java->addPlugins, line259: 启用插件：org.mybatis.generator.plugins.CaseInsensitiveLikePlugin
2018-11-08 21:26:15.389 [JavaFX Application Thread] INFO  MBGRunner.java->addPlugins, line259: 启用插件：org.mybatis.generator.plugins.EqualsHashCodePlugin
2018-11-08 21:26:15.389 [JavaFX Application Thread] INFO  MBGRunner.java->addPlugins, line259: 启用插件：org.mybatis.generator.plugins.RenameExampleClassPlugin
2018-11-08 21:27:57.779 [JavaFX Application Thread] INFO  MBGRunner.java->initPluginConfigs, line240: 配置:projectDir,值：F:\sky_dep_space\out_put\src,,plugin:com.spawpaw.mybatis.generator.gui.plugin.SCVXGeneratorPlugin   key:
2018-11-08 21:27:57.780 [JavaFX Application Thread] INFO  MBGRunner.java->initPluginConfigs, line240: 配置:basePackage,值：com.cn.user,,plugin:com.spawpaw.mybatis.generator.gui.plugin.SCVXGeneratorPlugin   key:
2018-11-08 21:27:57.780 [JavaFX Application Thread] INFO  MBGRunner.java->initPluginConfigs, line240: 配置:mapperDir,值：src/main/resources,,plugin:com.spawpaw.mybatis.generator.gui.plugin.SCVXGeneratorPlugin   key:
2018-11-08 21:27:57.781 [JavaFX Application Thread] INFO  MBGRunner.java->initPluginConfigs, line240: 配置:mapperPackage,值：mapper,,plugin:com.spawpaw.mybatis.generator.gui.plugin.SCVXGeneratorPlugin   key:
2018-11-08 21:27:57.781 [JavaFX Application Thread] INFO  MBGRunner.java->initPluginConfigs, line240: 配置:daoDir,值：src/main/java,,plugin:com.spawpaw.mybatis.generator.gui.plugin.SCVXGeneratorPlugin   key:
2018-11-08 21:27:57.782 [JavaFX Application Thread] INFO  MBGRunner.java->initPluginConfigs, line240: 配置:daoPackage,值：com.cn.user.dao,,plugin:com.spawpaw.mybatis.generator.gui.plugin.SCVXGeneratorPlugin   key:
2018-11-08 21:27:57.782 [JavaFX Application Thread] INFO  MBGRunner.java->initPluginConfigs, line240: 配置:daoObjName,值：SysUserMapper,,plugin:com.spawpaw.mybatis.generator.gui.plugin.SCVXGeneratorPlugin   key:
2018-11-08 21:27:57.782 [JavaFX Application Thread] INFO  MBGRunner.java->initPluginConfigs, line240: 配置:logicalDeleteColumn,值：IS_DELETE,,plugin:com.itfsw.mybatis.generator.plugins.LogicalDeletePlugin   key:
2018-11-08 21:27:57.782 [JavaFX Application Thread] INFO  MBGRunner.java->initPluginConfigs, line240: 配置:logicalDeleteValue,值：1,,plugin:com.itfsw.mybatis.generator.plugins.LogicalDeletePlugin   key:
2018-11-08 21:27:57.783 [JavaFX Application Thread] INFO  MBGRunner.java->initPluginConfigs, line240: 配置:logicalUnDeleteValue,值：0,,plugin:com.itfsw.mybatis.generator.plugins.LogicalDeletePlugin   key:
2018-11-08 21:27:57.783 [JavaFX Application Thread] INFO  MBGRunner.java->initPluginConfigs, line240: 配置:logicalDeleteConstName,值：DELETED,,plugin:com.itfsw.mybatis.generator.plugins.LogicalDeletePlugin   key:
2018-11-08 21:27:57.784 [JavaFX Application Thread] INFO  MBGRunner.java->initPluginConfigs, line240: 配置:logicalUnDeleteConstName,值：NOT_DELETED,,plugin:com.itfsw.mybatis.generator.plugins.LogicalDeletePlugin   key:
2018-11-08 21:27:57.784 [JavaFX Application Thread] INFO  MBGRunner.java->initPluginConfigs, line240: 配置:entityDir,值：src/main/java,,plugin:com.spawpaw.mybatis.generator.gui.plugin.SCVXGeneratorPlugin   key:
2018-11-08 21:27:57.784 [JavaFX Application Thread] INFO  MBGRunner.java->initPluginConfigs, line240: 配置:entityPackage,值：com.cn.user.entity,,plugin:com.spawpaw.mybatis.generator.gui.plugin.SCVXGeneratorPlugin   key:
2018-11-08 21:27:57.785 [JavaFX Application Thread] INFO  MBGRunner.java->initPluginConfigs, line240: 配置:entityObjName,值：SysUser,,plugin:com.spawpaw.mybatis.generator.gui.plugin.SCVXGeneratorPlugin   key:
2018-11-08 21:27:57.785 [JavaFX Application Thread] INFO  MBGRunner.java->initPluginConfigs, line240: 配置:exampleSearchString,值：[a-zA-Z0-9$]+$,,plugin:org.mybatis.generator.plugins.RenameExampleClassPlugin   key:searchString
2018-11-08 21:27:57.785 [JavaFX Application Thread] INFO  MBGRunner.java->initPluginConfigs, line240: 配置:exampleObjName,值：SysUserExample,,plugin:com.spawpaw.mybatis.generator.gui.plugin.SCVXGeneratorPlugin   key:
2018-11-08 21:27:57.785 [JavaFX Application Thread] INFO  MBGRunner.java->initPluginConfigs, line240: 配置:exampleObjName,值：SysUserExample,,plugin:org.mybatis.generator.plugins.RenameExampleClassPlugin   key:replaceString
2018-11-08 21:27:57.786 [JavaFX Application Thread] INFO  MBGRunner.java->initPluginConfigs, line240: 配置:primaryKey,值：,,plugin:com.spawpaw.mybatis.generator.gui.plugin.SCVXGeneratorPlugin   key:
2018-11-08 21:27:57.786 [JavaFX Application Thread] INFO  MBGRunner.java->initPluginConfigs, line240: 配置:enableVirtualPrimaryKeyPlugin,值：,,plugin:org.mybatis.generator.plugins.VirtualPrimaryKeyPlugin   key:virtualKeyColumns
2018-11-08 21:27:57.786 [JavaFX Application Thread] INFO  MBGRunner.java->initPluginConfigs, line240: 配置:generateJPA,值：false,,plugin:com.spawpaw.mybatis.generator.gui.plugin.CommentPlugin   key:
2018-11-08 21:27:57.786 [JavaFX Application Thread] INFO  MBGRunner.java->initPluginConfigs, line240: 配置:useToStringFromRoot,值：false,,plugin:org.mybatis.generator.plugins.ToStringPlugin   key:useToStringFromRoot
2018-11-08 21:27:57.787 [JavaFX Application Thread] INFO  MBGRunner.java->initPluginConfigs, line240: 配置:useEqualsHashCodeFromRoot,值：false,,plugin:org.mybatis.generator.plugins.EqualsHashCodePlugin   key:useEqualsHashCodeFromRoot
2018-11-08 21:27:57.787 [JavaFX Application Thread] INFO  MBGRunner.java->initPluginConfigs, line240: 配置:enableComment,值：true,,plugin:com.spawpaw.mybatis.generator.gui.plugin.CommentPlugin   key:
2018-11-08 21:27:57.787 [JavaFX Application Thread] INFO  MBGRunner.java->initPluginConfigs, line240: 配置:enableMbgGenerated,值：true,,plugin:com.spawpaw.mybatis.generator.gui.plugin.CommentPlugin   key:
2018-11-08 21:27:57.787 [JavaFX Application Thread] INFO  MBGRunner.java->initPluginConfigs, line240: 配置:enableCorrespondingTable,值：false,,plugin:com.spawpaw.mybatis.generator.gui.plugin.CommentPlugin   key:
2018-11-08 21:27:57.788 [JavaFX Application Thread] INFO  MBGRunner.java->initPluginConfigs, line240: 配置:fileHeader,值：/**
 * Created By MBG-GUI-EXTENSION https://github.com/spawpaw/mybatis-generator-gui-extension
 * Description:
 * ${tableComment}
 *
 * @author 
 */,,plugin:com.spawpaw.mybatis.generator.gui.plugin.CommentPlugin   key:
2018-11-08 21:27:57.788 [JavaFX Application Thread] INFO  MBGRunner.java->initPluginConfigs, line240: 配置:cache_eviction,值：,,plugin:org.mybatis.generator.plugins.CachePlugin   key:
2018-11-08 21:27:57.788 [JavaFX Application Thread] INFO  MBGRunner.java->initPluginConfigs, line240: 配置:cache_flushInterval,值：,,plugin:org.mybatis.generator.plugins.CachePlugin   key:
2018-11-08 21:27:57.788 [JavaFX Application Thread] INFO  MBGRunner.java->initPluginConfigs, line240: 配置:cache_readOnly,值：,,plugin:org.mybatis.generator.plugins.CachePlugin   key:
2018-11-08 21:27:57.789 [JavaFX Application Thread] INFO  MBGRunner.java->initPluginConfigs, line240: 配置:cache_size,值：,,plugin:org.mybatis.generator.plugins.CachePlugin   key:
2018-11-08 21:27:57.789 [JavaFX Application Thread] INFO  MBGRunner.java->initPluginConfigs, line240: 配置:cache_type,值：,,plugin:org.mybatis.generator.plugins.CachePlugin   key:
2018-11-08 21:27:57.789 [JavaFX Application Thread] INFO  MBGRunner.java->initPluginConfigs, line240: 配置:scvxConfigYml,值：templateConfig:

  # REST-ful Controller
  - template: java/restController.vm
    destDir: src/main/java
    destPackage: ${basePackage}.controller
    destFileName: ${entityName}RestController.java

  # 生成html表单
  - template: html/index.vm
    destDir: src/main/resources
    destPackage: templates
    destFileName: index.html

  # 生成html列表
  - template: html/list.vm
    destDir: src/main/resources
    destPackage: templates
    destFileName: list.html
,,plugin:com.spawpaw.mybatis.generator.gui.plugin.SCVXGeneratorPlugin   key:
2018-11-08 21:27:57.790 [JavaFX Application Thread] INFO  MBGRunner.java->addPlugins, line259: 启用插件：org.mybatis.generator.plugins.FluentBuilderMethodsPlugin
2018-11-08 21:27:57.790 [JavaFX Application Thread] INFO  MBGRunner.java->addPlugins, line259: 启用插件：org.mybatis.generator.plugins.MapperAnnotationPlugin
2018-11-08 21:27:57.790 [JavaFX Application Thread] INFO  MBGRunner.java->addPlugins, line259: 启用插件：org.mybatis.generator.plugins.ToStringPlugin
2018-11-08 21:27:57.790 [JavaFX Application Thread] INFO  MBGRunner.java->addPlugins, line259: 启用插件：org.mybatis.generator.plugins.SerializablePlugin
2018-11-08 21:27:57.790 [JavaFX Application Thread] INFO  MBGRunner.java->addPlugins, line259: 启用插件：org.mybatis.generator.plugins.CaseInsensitiveLikePlugin
2018-11-08 21:27:57.791 [JavaFX Application Thread] INFO  MBGRunner.java->addPlugins, line259: 启用插件：org.mybatis.generator.plugins.EqualsHashCodePlugin
2018-11-08 21:27:57.791 [JavaFX Application Thread] INFO  MBGRunner.java->addPlugins, line259: 启用插件：org.mybatis.generator.plugins.RenameExampleClassPlugin
2018-11-08 21:28:21.545 [JavaFX Application Thread] INFO  MBGRunner.java->initPluginConfigs, line240: 配置:projectDir,值：F:\sky_dep_space\out_put\,,plugin:com.spawpaw.mybatis.generator.gui.plugin.SCVXGeneratorPlugin   key:
2018-11-08 21:28:21.546 [JavaFX Application Thread] INFO  MBGRunner.java->initPluginConfigs, line240: 配置:basePackage,值：com.cn.user,,plugin:com.spawpaw.mybatis.generator.gui.plugin.SCVXGeneratorPlugin   key:
2018-11-08 21:28:21.547 [JavaFX Application Thread] INFO  MBGRunner.java->initPluginConfigs, line240: 配置:mapperDir,值：src/main/resources,,plugin:com.spawpaw.mybatis.generator.gui.plugin.SCVXGeneratorPlugin   key:
2018-11-08 21:28:21.547 [JavaFX Application Thread] INFO  MBGRunner.java->initPluginConfigs, line240: 配置:mapperPackage,值：mapper,,plugin:com.spawpaw.mybatis.generator.gui.plugin.SCVXGeneratorPlugin   key:
2018-11-08 21:28:21.548 [JavaFX Application Thread] INFO  MBGRunner.java->initPluginConfigs, line240: 配置:daoDir,值：src/main/java,,plugin:com.spawpaw.mybatis.generator.gui.plugin.SCVXGeneratorPlugin   key:
2018-11-08 21:28:21.548 [JavaFX Application Thread] INFO  MBGRunner.java->initPluginConfigs, line240: 配置:daoPackage,值：com.cn.user.dao,,plugin:com.spawpaw.mybatis.generator.gui.plugin.SCVXGeneratorPlugin   key:
2018-11-08 21:28:21.548 [JavaFX Application Thread] INFO  MBGRunner.java->initPluginConfigs, line240: 配置:daoObjName,值：SysUserMapper,,plugin:com.spawpaw.mybatis.generator.gui.plugin.SCVXGeneratorPlugin   key:
2018-11-08 21:28:21.549 [JavaFX Application Thread] INFO  MBGRunner.java->initPluginConfigs, line240: 配置:logicalDeleteColumn,值：IS_DELETE,,plugin:com.itfsw.mybatis.generator.plugins.LogicalDeletePlugin   key:
2018-11-08 21:28:21.549 [JavaFX Application Thread] INFO  MBGRunner.java->initPluginConfigs, line240: 配置:logicalDeleteValue,值：1,,plugin:com.itfsw.mybatis.generator.plugins.LogicalDeletePlugin   key:
2018-11-08 21:28:21.549 [JavaFX Application Thread] INFO  MBGRunner.java->initPluginConfigs, line240: 配置:logicalUnDeleteValue,值：0,,plugin:com.itfsw.mybatis.generator.plugins.LogicalDeletePlugin   key:
2018-11-08 21:28:21.550 [JavaFX Application Thread] INFO  MBGRunner.java->initPluginConfigs, line240: 配置:logicalDeleteConstName,值：DELETED,,plugin:com.itfsw.mybatis.generator.plugins.LogicalDeletePlugin   key:
2018-11-08 21:28:21.550 [JavaFX Application Thread] INFO  MBGRunner.java->initPluginConfigs, line240: 配置:logicalUnDeleteConstName,值：NOT_DELETED,,plugin:com.itfsw.mybatis.generator.plugins.LogicalDeletePlugin   key:
2018-11-08 21:28:21.550 [JavaFX Application Thread] INFO  MBGRunner.java->initPluginConfigs, line240: 配置:entityDir,值：src/main/java,,plugin:com.spawpaw.mybatis.generator.gui.plugin.SCVXGeneratorPlugin   key:
2018-11-08 21:28:21.551 [JavaFX Application Thread] INFO  MBGRunner.java->initPluginConfigs, line240: 配置:entityPackage,值：com.cn.user.entity,,plugin:com.spawpaw.mybatis.generator.gui.plugin.SCVXGeneratorPlugin   key:
2018-11-08 21:28:21.551 [JavaFX Application Thread] INFO  MBGRunner.java->initPluginConfigs, line240: 配置:entityObjName,值：SysUser,,plugin:com.spawpaw.mybatis.generator.gui.plugin.SCVXGeneratorPlugin   key:
2018-11-08 21:28:21.551 [JavaFX Application Thread] INFO  MBGRunner.java->initPluginConfigs, line240: 配置:exampleSearchString,值：[a-zA-Z0-9$]+$,,plugin:org.mybatis.generator.plugins.RenameExampleClassPlugin   key:searchString
2018-11-08 21:28:21.552 [JavaFX Application Thread] INFO  MBGRunner.java->initPluginConfigs, line240: 配置:exampleObjName,值：SysUserExample,,plugin:com.spawpaw.mybatis.generator.gui.plugin.SCVXGeneratorPlugin   key:
2018-11-08 21:28:21.552 [JavaFX Application Thread] INFO  MBGRunner.java->initPluginConfigs, line240: 配置:exampleObjName,值：SysUserExample,,plugin:org.mybatis.generator.plugins.RenameExampleClassPlugin   key:replaceString
2018-11-08 21:28:21.553 [JavaFX Application Thread] INFO  MBGRunner.java->initPluginConfigs, line240: 配置:primaryKey,值：,,plugin:com.spawpaw.mybatis.generator.gui.plugin.SCVXGeneratorPlugin   key:
2018-11-08 21:28:21.553 [JavaFX Application Thread] INFO  MBGRunner.java->initPluginConfigs, line240: 配置:enableVirtualPrimaryKeyPlugin,值：,,plugin:org.mybatis.generator.plugins.VirtualPrimaryKeyPlugin   key:virtualKeyColumns
2018-11-08 21:28:21.553 [JavaFX Application Thread] INFO  MBGRunner.java->initPluginConfigs, line240: 配置:generateJPA,值：false,,plugin:com.spawpaw.mybatis.generator.gui.plugin.CommentPlugin   key:
2018-11-08 21:28:21.554 [JavaFX Application Thread] INFO  MBGRunner.java->initPluginConfigs, line240: 配置:useToStringFromRoot,值：false,,plugin:org.mybatis.generator.plugins.ToStringPlugin   key:useToStringFromRoot
2018-11-08 21:28:21.554 [JavaFX Application Thread] INFO  MBGRunner.java->initPluginConfigs, line240: 配置:useEqualsHashCodeFromRoot,值：false,,plugin:org.mybatis.generator.plugins.EqualsHashCodePlugin   key:useEqualsHashCodeFromRoot
2018-11-08 21:28:21.555 [JavaFX Application Thread] INFO  MBGRunner.java->initPluginConfigs, line240: 配置:enableComment,值：true,,plugin:com.spawpaw.mybatis.generator.gui.plugin.CommentPlugin   key:
2018-11-08 21:28:21.555 [JavaFX Application Thread] INFO  MBGRunner.java->initPluginConfigs, line240: 配置:enableMbgGenerated,值：true,,plugin:com.spawpaw.mybatis.generator.gui.plugin.CommentPlugin   key:
2018-11-08 21:28:21.556 [JavaFX Application Thread] INFO  MBGRunner.java->initPluginConfigs, line240: 配置:enableCorrespondingTable,值：false,,plugin:com.spawpaw.mybatis.generator.gui.plugin.CommentPlugin   key:
2018-11-08 21:28:21.556 [JavaFX Application Thread] INFO  MBGRunner.java->initPluginConfigs, line240: 配置:fileHeader,值：/**
 * Created By MBG-GUI-EXTENSION https://github.com/spawpaw/mybatis-generator-gui-extension
 * Description:
 * ${tableComment}
 *
 * @author 
 */,,plugin:com.spawpaw.mybatis.generator.gui.plugin.CommentPlugin   key:
2018-11-08 21:28:21.557 [JavaFX Application Thread] INFO  MBGRunner.java->initPluginConfigs, line240: 配置:cache_eviction,值：,,plugin:org.mybatis.generator.plugins.CachePlugin   key:
2018-11-08 21:28:21.563 [JavaFX Application Thread] INFO  MBGRunner.java->initPluginConfigs, line240: 配置:cache_flushInterval,值：,,plugin:org.mybatis.generator.plugins.CachePlugin   key:
2018-11-08 21:28:21.563 [JavaFX Application Thread] INFO  MBGRunner.java->initPluginConfigs, line240: 配置:cache_readOnly,值：,,plugin:org.mybatis.generator.plugins.CachePlugin   key:
2018-11-08 21:28:21.564 [JavaFX Application Thread] INFO  MBGRunner.java->initPluginConfigs, line240: 配置:cache_size,值：,,plugin:org.mybatis.generator.plugins.CachePlugin   key:
2018-11-08 21:28:21.564 [JavaFX Application Thread] INFO  MBGRunner.java->initPluginConfigs, line240: 配置:cache_type,值：,,plugin:org.mybatis.generator.plugins.CachePlugin   key:
2018-11-08 21:28:21.564 [JavaFX Application Thread] INFO  MBGRunner.java->initPluginConfigs, line240: 配置:scvxConfigYml,值：templateConfig:

  # REST-ful Controller
  - template: java/restController.vm
    destDir: src/main/java
    destPackage: ${basePackage}.controller
    destFileName: ${entityName}RestController.java

  # 生成html表单
  - template: html/index.vm
    destDir: src/main/resources
    destPackage: templates
    destFileName: index.html

  # 生成html列表
  - template: html/list.vm
    destDir: src/main/resources
    destPackage: templates
    destFileName: list.html
,,plugin:com.spawpaw.mybatis.generator.gui.plugin.SCVXGeneratorPlugin   key:
2018-11-08 21:28:21.565 [JavaFX Application Thread] INFO  MBGRunner.java->addPlugins, line259: 启用插件：org.mybatis.generator.plugins.FluentBuilderMethodsPlugin
2018-11-08 21:28:21.565 [JavaFX Application Thread] INFO  MBGRunner.java->addPlugins, line259: 启用插件：org.mybatis.generator.plugins.MapperAnnotationPlugin
2018-11-08 21:28:21.565 [JavaFX Application Thread] INFO  MBGRunner.java->addPlugins, line259: 启用插件：org.mybatis.generator.plugins.ToStringPlugin
2018-11-08 21:28:21.566 [JavaFX Application Thread] INFO  MBGRunner.java->addPlugins, line259: 启用插件：org.mybatis.generator.plugins.SerializablePlugin
2018-11-08 21:28:21.566 [JavaFX Application Thread] INFO  MBGRunner.java->addPlugins, line259: 启用插件：org.mybatis.generator.plugins.CaseInsensitiveLikePlugin
2018-11-08 21:28:21.566 [JavaFX Application Thread] INFO  MBGRunner.java->addPlugins, line259: 启用插件：org.mybatis.generator.plugins.EqualsHashCodePlugin
2018-11-08 21:28:21.567 [JavaFX Application Thread] INFO  MBGRunner.java->addPlugins, line259: 启用插件：org.mybatis.generator.plugins.RenameExampleClassPlugin
2018-11-08 21:28:34.745 [JavaFX Application Thread] INFO  MBGRunner.java->initPluginConfigs, line240: 配置:projectDir,值：F:\sky_dep_space\out_put,,plugin:com.spawpaw.mybatis.generator.gui.plugin.SCVXGeneratorPlugin   key:
2018-11-08 21:28:34.746 [JavaFX Application Thread] INFO  MBGRunner.java->initPluginConfigs, line240: 配置:basePackage,值：com.cn.user,,plugin:com.spawpaw.mybatis.generator.gui.plugin.SCVXGeneratorPlugin   key:
2018-11-08 21:28:34.746 [JavaFX Application Thread] INFO  MBGRunner.java->initPluginConfigs, line240: 配置:mapperDir,值：src/main/resources,,plugin:com.spawpaw.mybatis.generator.gui.plugin.SCVXGeneratorPlugin   key:
2018-11-08 21:28:34.747 [JavaFX Application Thread] INFO  MBGRunner.java->initPluginConfigs, line240: 配置:mapperPackage,值：mapper,,plugin:com.spawpaw.mybatis.generator.gui.plugin.SCVXGeneratorPlugin   key:
2018-11-08 21:28:34.747 [JavaFX Application Thread] INFO  MBGRunner.java->initPluginConfigs, line240: 配置:daoDir,值：src/main/java,,plugin:com.spawpaw.mybatis.generator.gui.plugin.SCVXGeneratorPlugin   key:
2018-11-08 21:28:34.747 [JavaFX Application Thread] INFO  MBGRunner.java->initPluginConfigs, line240: 配置:daoPackage,值：com.cn.user.dao,,plugin:com.spawpaw.mybatis.generator.gui.plugin.SCVXGeneratorPlugin   key:
2018-11-08 21:28:34.747 [JavaFX Application Thread] INFO  MBGRunner.java->initPluginConfigs, line240: 配置:daoObjName,值：SysUserMapper,,plugin:com.spawpaw.mybatis.generator.gui.plugin.SCVXGeneratorPlugin   key:
2018-11-08 21:28:34.748 [JavaFX Application Thread] INFO  MBGRunner.java->initPluginConfigs, line240: 配置:logicalDeleteColumn,值：IS_DELETE,,plugin:com.itfsw.mybatis.generator.plugins.LogicalDeletePlugin   key:
2018-11-08 21:28:34.748 [JavaFX Application Thread] INFO  MBGRunner.java->initPluginConfigs, line240: 配置:logicalDeleteValue,值：1,,plugin:com.itfsw.mybatis.generator.plugins.LogicalDeletePlugin   key:
2018-11-08 21:28:34.748 [JavaFX Application Thread] INFO  MBGRunner.java->initPluginConfigs, line240: 配置:logicalUnDeleteValue,值：0,,plugin:com.itfsw.mybatis.generator.plugins.LogicalDeletePlugin   key:
2018-11-08 21:28:34.748 [JavaFX Application Thread] INFO  MBGRunner.java->initPluginConfigs, line240: 配置:logicalDeleteConstName,值：DELETED,,plugin:com.itfsw.mybatis.generator.plugins.LogicalDeletePlugin   key:
2018-11-08 21:28:34.748 [JavaFX Application Thread] INFO  MBGRunner.java->initPluginConfigs, line240: 配置:logicalUnDeleteConstName,值：NOT_DELETED,,plugin:com.itfsw.mybatis.generator.plugins.LogicalDeletePlugin   key:
2018-11-08 21:28:34.749 [JavaFX Application Thread] INFO  MBGRunner.java->initPluginConfigs, line240: 配置:entityDir,值：src/main/java,,plugin:com.spawpaw.mybatis.generator.gui.plugin.SCVXGeneratorPlugin   key:
2018-11-08 21:28:34.749 [JavaFX Application Thread] INFO  MBGRunner.java->initPluginConfigs, line240: 配置:entityPackage,值：com.cn.user.entity,,plugin:com.spawpaw.mybatis.generator.gui.plugin.SCVXGeneratorPlugin   key:
2018-11-08 21:28:34.750 [JavaFX Application Thread] INFO  MBGRunner.java->initPluginConfigs, line240: 配置:entityObjName,值：SysUser,,plugin:com.spawpaw.mybatis.generator.gui.plugin.SCVXGeneratorPlugin   key:
2018-11-08 21:28:34.750 [JavaFX Application Thread] INFO  MBGRunner.java->initPluginConfigs, line240: 配置:exampleSearchString,值：[a-zA-Z0-9$]+$,,plugin:org.mybatis.generator.plugins.RenameExampleClassPlugin   key:searchString
2018-11-08 21:28:34.750 [JavaFX Application Thread] INFO  MBGRunner.java->initPluginConfigs, line240: 配置:exampleObjName,值：SysUserExample,,plugin:com.spawpaw.mybatis.generator.gui.plugin.SCVXGeneratorPlugin   key:
2018-11-08 21:28:34.751 [JavaFX Application Thread] INFO  MBGRunner.java->initPluginConfigs, line240: 配置:exampleObjName,值：SysUserExample,,plugin:org.mybatis.generator.plugins.RenameExampleClassPlugin   key:replaceString
2018-11-08 21:28:34.751 [JavaFX Application Thread] INFO  MBGRunner.java->initPluginConfigs, line240: 配置:primaryKey,值：,,plugin:com.spawpaw.mybatis.generator.gui.plugin.SCVXGeneratorPlugin   key:
2018-11-08 21:28:34.751 [JavaFX Application Thread] INFO  MBGRunner.java->initPluginConfigs, line240: 配置:enableVirtualPrimaryKeyPlugin,值：,,plugin:org.mybatis.generator.plugins.VirtualPrimaryKeyPlugin   key:virtualKeyColumns
2018-11-08 21:28:34.751 [JavaFX Application Thread] INFO  MBGRunner.java->initPluginConfigs, line240: 配置:generateJPA,值：false,,plugin:com.spawpaw.mybatis.generator.gui.plugin.CommentPlugin   key:
2018-11-08 21:28:34.752 [JavaFX Application Thread] INFO  MBGRunner.java->initPluginConfigs, line240: 配置:useToStringFromRoot,值：false,,plugin:org.mybatis.generator.plugins.ToStringPlugin   key:useToStringFromRoot
2018-11-08 21:28:34.752 [JavaFX Application Thread] INFO  MBGRunner.java->initPluginConfigs, line240: 配置:useEqualsHashCodeFromRoot,值：false,,plugin:org.mybatis.generator.plugins.EqualsHashCodePlugin   key:useEqualsHashCodeFromRoot
2018-11-08 21:28:34.752 [JavaFX Application Thread] INFO  MBGRunner.java->initPluginConfigs, line240: 配置:enableComment,值：true,,plugin:com.spawpaw.mybatis.generator.gui.plugin.CommentPlugin   key:
2018-11-08 21:28:34.752 [JavaFX Application Thread] INFO  MBGRunner.java->initPluginConfigs, line240: 配置:enableMbgGenerated,值：true,,plugin:com.spawpaw.mybatis.generator.gui.plugin.CommentPlugin   key:
2018-11-08 21:28:34.752 [JavaFX Application Thread] INFO  MBGRunner.java->initPluginConfigs, line240: 配置:enableCorrespondingTable,值：false,,plugin:com.spawpaw.mybatis.generator.gui.plugin.CommentPlugin   key:
2018-11-08 21:28:34.753 [JavaFX Application Thread] INFO  MBGRunner.java->initPluginConfigs, line240: 配置:fileHeader,值：/**
 * Created By MBG-GUI-EXTENSION https://github.com/spawpaw/mybatis-generator-gui-extension
 * Description:
 * ${tableComment}
 *
 * @author 
 */,,plugin:com.spawpaw.mybatis.generator.gui.plugin.CommentPlugin   key:
2018-11-08 21:28:34.753 [JavaFX Application Thread] INFO  MBGRunner.java->initPluginConfigs, line240: 配置:cache_eviction,值：,,plugin:org.mybatis.generator.plugins.CachePlugin   key:
2018-11-08 21:28:34.753 [JavaFX Application Thread] INFO  MBGRunner.java->initPluginConfigs, line240: 配置:cache_flushInterval,值：,,plugin:org.mybatis.generator.plugins.CachePlugin   key:
2018-11-08 21:28:34.753 [JavaFX Application Thread] INFO  MBGRunner.java->initPluginConfigs, line240: 配置:cache_readOnly,值：,,plugin:org.mybatis.generator.plugins.CachePlugin   key:
2018-11-08 21:28:34.754 [JavaFX Application Thread] INFO  MBGRunner.java->initPluginConfigs, line240: 配置:cache_size,值：,,plugin:org.mybatis.generator.plugins.CachePlugin   key:
2018-11-08 21:28:34.754 [JavaFX Application Thread] INFO  MBGRunner.java->initPluginConfigs, line240: 配置:cache_type,值：,,plugin:org.mybatis.generator.plugins.CachePlugin   key:
2018-11-08 21:28:34.754 [JavaFX Application Thread] INFO  MBGRunner.java->initPluginConfigs, line240: 配置:scvxConfigYml,值：templateConfig:

  # REST-ful Controller
  - template: java/restController.vm
    destDir: src/main/java
    destPackage: ${basePackage}.controller
    destFileName: ${entityName}RestController.java

  # 生成html表单
  - template: html/index.vm
    destDir: src/main/resources
    destPackage: templates
    destFileName: index.html

  # 生成html列表
  - template: html/list.vm
    destDir: src/main/resources
    destPackage: templates
    destFileName: list.html
,,plugin:com.spawpaw.mybatis.generator.gui.plugin.SCVXGeneratorPlugin   key:
2018-11-08 21:28:34.755 [JavaFX Application Thread] INFO  MBGRunner.java->addPlugins, line259: 启用插件：org.mybatis.generator.plugins.FluentBuilderMethodsPlugin
2018-11-08 21:28:34.755 [JavaFX Application Thread] INFO  MBGRunner.java->addPlugins, line259: 启用插件：org.mybatis.generator.plugins.MapperAnnotationPlugin
2018-11-08 21:28:34.755 [JavaFX Application Thread] INFO  MBGRunner.java->addPlugins, line259: 启用插件：org.mybatis.generator.plugins.ToStringPlugin
2018-11-08 21:28:34.755 [JavaFX Application Thread] INFO  MBGRunner.java->addPlugins, line259: 启用插件：org.mybatis.generator.plugins.SerializablePlugin
2018-11-08 21:28:34.756 [JavaFX Application Thread] INFO  MBGRunner.java->addPlugins, line259: 启用插件：org.mybatis.generator.plugins.CaseInsensitiveLikePlugin
2018-11-08 21:28:34.756 [JavaFX Application Thread] INFO  MBGRunner.java->addPlugins, line259: 启用插件：org.mybatis.generator.plugins.EqualsHashCodePlugin
2018-11-08 21:28:34.756 [JavaFX Application Thread] INFO  MBGRunner.java->addPlugins, line259: 启用插件：org.mybatis.generator.plugins.RenameExampleClassPlugin
2018-11-08 21:29:04.822 [JavaFX Application Thread] INFO  MBGRunner.java->initPluginConfigs, line240: 配置:projectDir,值：F:\sky_dep_space\out_put,,plugin:com.spawpaw.mybatis.generator.gui.plugin.SCVXGeneratorPlugin   key:
2018-11-08 21:29:04.823 [JavaFX Application Thread] INFO  MBGRunner.java->initPluginConfigs, line240: 配置:basePackage,值：com.cn.user,,plugin:com.spawpaw.mybatis.generator.gui.plugin.SCVXGeneratorPlugin   key:
2018-11-08 21:29:04.823 [JavaFX Application Thread] INFO  MBGRunner.java->initPluginConfigs, line240: 配置:mapperDir,值：src/main/resources,,plugin:com.spawpaw.mybatis.generator.gui.plugin.SCVXGeneratorPlugin   key:
2018-11-08 21:29:04.823 [JavaFX Application Thread] INFO  MBGRunner.java->initPluginConfigs, line240: 配置:mapperPackage,值：mapper,,plugin:com.spawpaw.mybatis.generator.gui.plugin.SCVXGeneratorPlugin   key:
2018-11-08 21:29:04.823 [JavaFX Application Thread] INFO  MBGRunner.java->initPluginConfigs, line240: 配置:daoDir,值：src/main/java,,plugin:com.spawpaw.mybatis.generator.gui.plugin.SCVXGeneratorPlugin   key:
2018-11-08 21:29:04.824 [JavaFX Application Thread] INFO  MBGRunner.java->initPluginConfigs, line240: 配置:daoPackage,值：com.cn.user.dao,,plugin:com.spawpaw.mybatis.generator.gui.plugin.SCVXGeneratorPlugin   key:
2018-11-08 21:29:04.824 [JavaFX Application Thread] INFO  MBGRunner.java->initPluginConfigs, line240: 配置:daoObjName,值：SysUserMapper,,plugin:com.spawpaw.mybatis.generator.gui.plugin.SCVXGeneratorPlugin   key:
2018-11-08 21:29:04.824 [JavaFX Application Thread] INFO  MBGRunner.java->initPluginConfigs, line240: 配置:logicalDeleteColumn,值：IS_DELETE,,plugin:com.itfsw.mybatis.generator.plugins.LogicalDeletePlugin   key:
2018-11-08 21:29:04.824 [JavaFX Application Thread] INFO  MBGRunner.java->initPluginConfigs, line240: 配置:logicalDeleteValue,值：1,,plugin:com.itfsw.mybatis.generator.plugins.LogicalDeletePlugin   key:
2018-11-08 21:29:04.824 [JavaFX Application Thread] INFO  MBGRunner.java->initPluginConfigs, line240: 配置:logicalUnDeleteValue,值：0,,plugin:com.itfsw.mybatis.generator.plugins.LogicalDeletePlugin   key:
2018-11-08 21:29:04.824 [JavaFX Application Thread] INFO  MBGRunner.java->initPluginConfigs, line240: 配置:logicalDeleteConstName,值：DELETED,,plugin:com.itfsw.mybatis.generator.plugins.LogicalDeletePlugin   key:
2018-11-08 21:29:04.825 [JavaFX Application Thread] INFO  MBGRunner.java->initPluginConfigs, line240: 配置:logicalUnDeleteConstName,值：NOT_DELETED,,plugin:com.itfsw.mybatis.generator.plugins.LogicalDeletePlugin   key:
2018-11-08 21:29:04.825 [JavaFX Application Thread] INFO  MBGRunner.java->initPluginConfigs, line240: 配置:entityDir,值：src/main/java,,plugin:com.spawpaw.mybatis.generator.gui.plugin.SCVXGeneratorPlugin   key:
2018-11-08 21:29:04.825 [JavaFX Application Thread] INFO  MBGRunner.java->initPluginConfigs, line240: 配置:entityPackage,值：com.cn.user.entity,,plugin:com.spawpaw.mybatis.generator.gui.plugin.SCVXGeneratorPlugin   key:
2018-11-08 21:29:04.825 [JavaFX Application Thread] INFO  MBGRunner.java->initPluginConfigs, line240: 配置:entityObjName,值：SysUser,,plugin:com.spawpaw.mybatis.generator.gui.plugin.SCVXGeneratorPlugin   key:
2018-11-08 21:29:04.825 [JavaFX Application Thread] INFO  MBGRunner.java->initPluginConfigs, line240: 配置:exampleSearchString,值：[a-zA-Z0-9$]+$,,plugin:org.mybatis.generator.plugins.RenameExampleClassPlugin   key:searchString
2018-11-08 21:29:04.826 [JavaFX Application Thread] INFO  MBGRunner.java->initPluginConfigs, line240: 配置:exampleObjName,值：SysUserExample,,plugin:com.spawpaw.mybatis.generator.gui.plugin.SCVXGeneratorPlugin   key:
2018-11-08 21:29:04.826 [JavaFX Application Thread] INFO  MBGRunner.java->initPluginConfigs, line240: 配置:exampleObjName,值：SysUserExample,,plugin:org.mybatis.generator.plugins.RenameExampleClassPlugin   key:replaceString
2018-11-08 21:29:04.826 [JavaFX Application Thread] INFO  MBGRunner.java->initPluginConfigs, line240: 配置:primaryKey,值：,,plugin:com.spawpaw.mybatis.generator.gui.plugin.SCVXGeneratorPlugin   key:
2018-11-08 21:29:04.826 [JavaFX Application Thread] INFO  MBGRunner.java->initPluginConfigs, line240: 配置:enableVirtualPrimaryKeyPlugin,值：,,plugin:org.mybatis.generator.plugins.VirtualPrimaryKeyPlugin   key:virtualKeyColumns
2018-11-08 21:29:04.826 [JavaFX Application Thread] INFO  MBGRunner.java->initPluginConfigs, line240: 配置:generateJPA,值：false,,plugin:com.spawpaw.mybatis.generator.gui.plugin.CommentPlugin   key:
2018-11-08 21:29:04.827 [JavaFX Application Thread] INFO  MBGRunner.java->initPluginConfigs, line240: 配置:useToStringFromRoot,值：false,,plugin:org.mybatis.generator.plugins.ToStringPlugin   key:useToStringFromRoot
2018-11-08 21:29:04.827 [JavaFX Application Thread] INFO  MBGRunner.java->initPluginConfigs, line240: 配置:useEqualsHashCodeFromRoot,值：false,,plugin:org.mybatis.generator.plugins.EqualsHashCodePlugin   key:useEqualsHashCodeFromRoot
2018-11-08 21:29:04.827 [JavaFX Application Thread] INFO  MBGRunner.java->initPluginConfigs, line240: 配置:enableComment,值：true,,plugin:com.spawpaw.mybatis.generator.gui.plugin.CommentPlugin   key:
2018-11-08 21:29:04.828 [JavaFX Application Thread] INFO  MBGRunner.java->initPluginConfigs, line240: 配置:enableMbgGenerated,值：true,,plugin:com.spawpaw.mybatis.generator.gui.plugin.CommentPlugin   key:
2018-11-08 21:29:04.828 [JavaFX Application Thread] INFO  MBGRunner.java->initPluginConfigs, line240: 配置:enableCorrespondingTable,值：false,,plugin:com.spawpaw.mybatis.generator.gui.plugin.CommentPlugin   key:
2018-11-08 21:29:04.828 [JavaFX Application Thread] INFO  MBGRunner.java->initPluginConfigs, line240: 配置:fileHeader,值：/**
 * Created By MBG-GUI-EXTENSION https://github.com/spawpaw/mybatis-generator-gui-extension
 * Description:
 * ${tableComment}
 *
 * @author 
 */,,plugin:com.spawpaw.mybatis.generator.gui.plugin.CommentPlugin   key:
2018-11-08 21:29:04.828 [JavaFX Application Thread] INFO  MBGRunner.java->initPluginConfigs, line240: 配置:cache_eviction,值：,,plugin:org.mybatis.generator.plugins.CachePlugin   key:
2018-11-08 21:29:04.829 [JavaFX Application Thread] INFO  MBGRunner.java->initPluginConfigs, line240: 配置:cache_flushInterval,值：,,plugin:org.mybatis.generator.plugins.CachePlugin   key:
2018-11-08 21:29:04.829 [JavaFX Application Thread] INFO  MBGRunner.java->initPluginConfigs, line240: 配置:cache_readOnly,值：,,plugin:org.mybatis.generator.plugins.CachePlugin   key:
2018-11-08 21:29:04.829 [JavaFX Application Thread] INFO  MBGRunner.java->initPluginConfigs, line240: 配置:cache_size,值：,,plugin:org.mybatis.generator.plugins.CachePlugin   key:
2018-11-08 21:29:04.829 [JavaFX Application Thread] INFO  MBGRunner.java->initPluginConfigs, line240: 配置:cache_type,值：,,plugin:org.mybatis.generator.plugins.CachePlugin   key:
2018-11-08 21:29:04.829 [JavaFX Application Thread] INFO  MBGRunner.java->initPluginConfigs, line240: 配置:scvxConfigYml,值：templateConfig:

  # REST-ful Controller
  - template: java/restController.vm
    destDir: src/main/java
    destPackage: ${basePackage}.controller
    destFileName: ${entityName}RestController.java

  # 生成html表单
  - template: html/index.vm
    destDir: src/main/resources
    destPackage: templates
    destFileName: index.html

  # 生成html列表
  - template: html/list.vm
    destDir: src/main/resources
    destPackage: templates
    destFileName: list.html
,,plugin:com.spawpaw.mybatis.generator.gui.plugin.SCVXGeneratorPlugin   key:
2018-11-08 21:29:04.830 [JavaFX Application Thread] INFO  MBGRunner.java->addPlugins, line259: 启用插件：org.mybatis.generator.plugins.FluentBuilderMethodsPlugin
2018-11-08 21:29:04.830 [JavaFX Application Thread] INFO  MBGRunner.java->addPlugins, line259: 启用插件：org.mybatis.generator.plugins.MapperAnnotationPlugin
2018-11-08 21:29:04.830 [JavaFX Application Thread] INFO  MBGRunner.java->addPlugins, line259: 启用插件：org.mybatis.generator.plugins.ToStringPlugin
2018-11-08 21:29:04.830 [JavaFX Application Thread] INFO  MBGRunner.java->addPlugins, line259: 启用插件：org.mybatis.generator.plugins.SerializablePlugin
2018-11-08 21:29:04.831 [JavaFX Application Thread] INFO  MBGRunner.java->addPlugins, line259: 启用插件：org.mybatis.generator.plugins.CaseInsensitiveLikePlugin
2018-11-08 21:29:04.831 [JavaFX Application Thread] INFO  MBGRunner.java->addPlugins, line259: 启用插件：org.mybatis.generator.plugins.EqualsHashCodePlugin
2018-11-08 21:29:04.831 [JavaFX Application Thread] INFO  MBGRunner.java->addPlugins, line259: 启用插件：org.mybatis.generator.plugins.RenameExampleClassPlugin
2018-11-08 21:30:00.348 [JavaFX Application Thread] INFO  MBGRunner.java->initPluginConfigs, line240: 配置:projectDir,值：F:\sky_dep_space\out_put,,plugin:com.spawpaw.mybatis.generator.gui.plugin.SCVXGeneratorPlugin   key:
2018-11-08 21:30:00.349 [JavaFX Application Thread] INFO  MBGRunner.java->initPluginConfigs, line240: 配置:basePackage,值：com.cn.user,,plugin:com.spawpaw.mybatis.generator.gui.plugin.SCVXGeneratorPlugin   key:
2018-11-08 21:30:00.349 [JavaFX Application Thread] INFO  MBGRunner.java->initPluginConfigs, line240: 配置:mapperDir,值：src/main/resources,,plugin:com.spawpaw.mybatis.generator.gui.plugin.SCVXGeneratorPlugin   key:
2018-11-08 21:30:00.349 [JavaFX Application Thread] INFO  MBGRunner.java->initPluginConfigs, line240: 配置:mapperPackage,值：mapper,,plugin:com.spawpaw.mybatis.generator.gui.plugin.SCVXGeneratorPlugin   key:
2018-11-08 21:30:00.349 [JavaFX Application Thread] INFO  MBGRunner.java->initPluginConfigs, line240: 配置:daoDir,值：src/main/java,,plugin:com.spawpaw.mybatis.generator.gui.plugin.SCVXGeneratorPlugin   key:
2018-11-08 21:30:00.349 [JavaFX Application Thread] INFO  MBGRunner.java->initPluginConfigs, line240: 配置:daoPackage,值：com.cn.user.dao,,plugin:com.spawpaw.mybatis.generator.gui.plugin.SCVXGeneratorPlugin   key:
2018-11-08 21:30:00.349 [JavaFX Application Thread] INFO  MBGRunner.java->initPluginConfigs, line240: 配置:daoObjName,值：SysUserMapper,,plugin:com.spawpaw.mybatis.generator.gui.plugin.SCVXGeneratorPlugin   key:
2018-11-08 21:30:00.350 [JavaFX Application Thread] INFO  MBGRunner.java->initPluginConfigs, line240: 配置:logicalDeleteColumn,值：IS_DELETE,,plugin:com.itfsw.mybatis.generator.plugins.LogicalDeletePlugin   key:
2018-11-08 21:30:00.350 [JavaFX Application Thread] INFO  MBGRunner.java->initPluginConfigs, line240: 配置:logicalDeleteValue,值：1,,plugin:com.itfsw.mybatis.generator.plugins.LogicalDeletePlugin   key:
2018-11-08 21:30:00.350 [JavaFX Application Thread] INFO  MBGRunner.java->initPluginConfigs, line240: 配置:logicalUnDeleteValue,值：0,,plugin:com.itfsw.mybatis.generator.plugins.LogicalDeletePlugin   key:
2018-11-08 21:30:00.350 [JavaFX Application Thread] INFO  MBGRunner.java->initPluginConfigs, line240: 配置:logicalDeleteConstName,值：DELETED,,plugin:com.itfsw.mybatis.generator.plugins.LogicalDeletePlugin   key:
2018-11-08 21:30:00.350 [JavaFX Application Thread] INFO  MBGRunner.java->initPluginConfigs, line240: 配置:logicalUnDeleteConstName,值：NOT_DELETED,,plugin:com.itfsw.mybatis.generator.plugins.LogicalDeletePlugin   key:
2018-11-08 21:30:00.350 [JavaFX Application Thread] INFO  MBGRunner.java->initPluginConfigs, line240: 配置:entityDir,值：src/main/java,,plugin:com.spawpaw.mybatis.generator.gui.plugin.SCVXGeneratorPlugin   key:
2018-11-08 21:30:00.350 [JavaFX Application Thread] INFO  MBGRunner.java->initPluginConfigs, line240: 配置:entityPackage,值：com.cn.user.entity,,plugin:com.spawpaw.mybatis.generator.gui.plugin.SCVXGeneratorPlugin   key:
2018-11-08 21:30:00.350 [JavaFX Application Thread] INFO  MBGRunner.java->initPluginConfigs, line240: 配置:entityObjName,值：SysUser,,plugin:com.spawpaw.mybatis.generator.gui.plugin.SCVXGeneratorPlugin   key:
2018-11-08 21:30:00.351 [JavaFX Application Thread] INFO  MBGRunner.java->initPluginConfigs, line240: 配置:exampleSearchString,值：[a-zA-Z0-9$]+$,,plugin:org.mybatis.generator.plugins.RenameExampleClassPlugin   key:searchString
2018-11-08 21:30:00.351 [JavaFX Application Thread] INFO  MBGRunner.java->initPluginConfigs, line240: 配置:exampleObjName,值：SysUserExample,,plugin:com.spawpaw.mybatis.generator.gui.plugin.SCVXGeneratorPlugin   key:
2018-11-08 21:30:00.351 [JavaFX Application Thread] INFO  MBGRunner.java->initPluginConfigs, line240: 配置:exampleObjName,值：SysUserExample,,plugin:org.mybatis.generator.plugins.RenameExampleClassPlugin   key:replaceString
2018-11-08 21:30:00.353 [JavaFX Application Thread] INFO  MBGRunner.java->initPluginConfigs, line240: 配置:primaryKey,值：,,plugin:com.spawpaw.mybatis.generator.gui.plugin.SCVXGeneratorPlugin   key:
2018-11-08 21:30:00.353 [JavaFX Application Thread] INFO  MBGRunner.java->initPluginConfigs, line240: 配置:enableVirtualPrimaryKeyPlugin,值：,,plugin:org.mybatis.generator.plugins.VirtualPrimaryKeyPlugin   key:virtualKeyColumns
2018-11-08 21:30:00.354 [JavaFX Application Thread] INFO  MBGRunner.java->initPluginConfigs, line240: 配置:generateJPA,值：false,,plugin:com.spawpaw.mybatis.generator.gui.plugin.CommentPlugin   key:
2018-11-08 21:30:00.354 [JavaFX Application Thread] INFO  MBGRunner.java->initPluginConfigs, line240: 配置:useToStringFromRoot,值：false,,plugin:org.mybatis.generator.plugins.ToStringPlugin   key:useToStringFromRoot
2018-11-08 21:30:00.354 [JavaFX Application Thread] INFO  MBGRunner.java->initPluginConfigs, line240: 配置:useEqualsHashCodeFromRoot,值：false,,plugin:org.mybatis.generator.plugins.EqualsHashCodePlugin   key:useEqualsHashCodeFromRoot
2018-11-08 21:30:00.354 [JavaFX Application Thread] INFO  MBGRunner.java->initPluginConfigs, line240: 配置:enableComment,值：true,,plugin:com.spawpaw.mybatis.generator.gui.plugin.CommentPlugin   key:
2018-11-08 21:30:00.354 [JavaFX Application Thread] INFO  MBGRunner.java->initPluginConfigs, line240: 配置:enableMbgGenerated,值：true,,plugin:com.spawpaw.mybatis.generator.gui.plugin.CommentPlugin   key:
2018-11-08 21:30:00.355 [JavaFX Application Thread] INFO  MBGRunner.java->initPluginConfigs, line240: 配置:enableCorrespondingTable,值：false,,plugin:com.spawpaw.mybatis.generator.gui.plugin.CommentPlugin   key:
2018-11-08 21:30:00.355 [JavaFX Application Thread] INFO  MBGRunner.java->initPluginConfigs, line240: 配置:fileHeader,值：/**
 * Created By MBG-GUI-EXTENSION https://github.com/spawpaw/mybatis-generator-gui-extension
 * Description:
 * ${tableComment}
 *
 * @author 
 */,,plugin:com.spawpaw.mybatis.generator.gui.plugin.CommentPlugin   key:
2018-11-08 21:30:00.355 [JavaFX Application Thread] INFO  MBGRunner.java->initPluginConfigs, line240: 配置:cache_eviction,值：,,plugin:org.mybatis.generator.plugins.CachePlugin   key:
2018-11-08 21:30:00.355 [JavaFX Application Thread] INFO  MBGRunner.java->initPluginConfigs, line240: 配置:cache_flushInterval,值：,,plugin:org.mybatis.generator.plugins.CachePlugin   key:
2018-11-08 21:30:00.356 [JavaFX Application Thread] INFO  MBGRunner.java->initPluginConfigs, line240: 配置:cache_readOnly,值：,,plugin:org.mybatis.generator.plugins.CachePlugin   key:
2018-11-08 21:30:00.356 [JavaFX Application Thread] INFO  MBGRunner.java->initPluginConfigs, line240: 配置:cache_size,值：,,plugin:org.mybatis.generator.plugins.CachePlugin   key:
2018-11-08 21:30:00.356 [JavaFX Application Thread] INFO  MBGRunner.java->initPluginConfigs, line240: 配置:cache_type,值：,,plugin:org.mybatis.generator.plugins.CachePlugin   key:
2018-11-08 21:30:00.357 [JavaFX Application Thread] INFO  MBGRunner.java->initPluginConfigs, line240: 配置:scvxConfigYml,值：templateConfig:

  # REST-ful Controller
  - template: java/restController.vm
    destDir: src/main/java
    destPackage: ${basePackage}.controller
    destFileName: ${entityName}RestController.java

  # 生成html表单
  - template: html/index.vm
    destDir: src/main/resources
    destPackage: templates
    destFileName: index.html

  # 生成html列表
  - template: html/list.vm
    destDir: src/main/resources
    destPackage: templates
    destFileName: list.html
,,plugin:com.spawpaw.mybatis.generator.gui.plugin.SCVXGeneratorPlugin   key:
2018-11-08 21:30:00.357 [JavaFX Application Thread] INFO  MBGRunner.java->addPlugins, line259: 启用插件：org.mybatis.generator.plugins.FluentBuilderMethodsPlugin
2018-11-08 21:30:00.357 [JavaFX Application Thread] INFO  MBGRunner.java->addPlugins, line259: 启用插件：org.mybatis.generator.plugins.MapperAnnotationPlugin
2018-11-08 21:30:00.358 [JavaFX Application Thread] INFO  MBGRunner.java->addPlugins, line259: 启用插件：org.mybatis.generator.plugins.ToStringPlugin
2018-11-08 21:30:00.358 [JavaFX Application Thread] INFO  MBGRunner.java->addPlugins, line259: 启用插件：org.mybatis.generator.plugins.SerializablePlugin
2018-11-08 21:30:00.359 [JavaFX Application Thread] INFO  MBGRunner.java->addPlugins, line259: 启用插件：org.mybatis.generator.plugins.CaseInsensitiveLikePlugin
2018-11-08 21:30:00.360 [JavaFX Application Thread] INFO  MBGRunner.java->addPlugins, line259: 启用插件：org.mybatis.generator.plugins.EqualsHashCodePlugin
2018-11-08 21:30:00.360 [JavaFX Application Thread] INFO  MBGRunner.java->addPlugins, line259: 启用插件：org.mybatis.generator.plugins.RenameExampleClassPlugin
